#
# There is insufficient memory for the Java Runtime Environment to continue.
# Native memory allocation (malloc) failed to allocate 1479648 bytes for Chunk::new
# Possible reasons:
#   The system is out of physical RAM or swap space
#   The process is running with CompressedOops enabled, and the Java Heap may be blocking the growth of the native heap
# Possible solutions:
#   Reduce memory load on the system
#   Increase physical memory or swap space
#   Check if swap backing store is full
#   Decrease Java heap size (-Xmx/-Xms)
#   Decrease number of Java threads
#   Decrease Java thread stack sizes (-Xss)
#   Set larger code cache with -XX:ReservedCodeCacheSize=
#   JVM is running with Unscaled Compressed Oops mode in which the Java heap is
#     placed in the first 4GB address space. The Java Heap base address is the
#     maximum limit for the native heap growth. Please use -XX:HeapBaseMinAddress
#     to set the Java Heap base and to place the Java Heap above 4GB virtual address.
# This output file may be truncated or incomplete.
#
#  Out of Memory Error (arena.cpp:168), pid=21564, tid=21928
#
# JRE version: Java(TM) SE Runtime Environment (21.0.1+12) (build 21.0.1+12-LTS-29)
# Java VM: Java HotSpot(TM) 64-Bit Server VM (21.0.1+12-LTS-29, mixed mode, sharing, tiered, compressed oops, compressed class ptrs, g1 gc, windows-amd64)
# No core dump will be written. Minidumps are not enabled by default on client versions of Windows
#

---------------  S U M M A R Y ------------

Command Line: -Dfile.encoding=UTF-8 -XX:+ShowCodeDetailsInExceptionMessages com.eBanckend.EBackendBankingApplication

Host: AMD E-450 APU with Radeon(tm) HD Graphics, 2 cores, 3G,  Windows 10 , 64 bit Build 19041 (10.0.19041.3636)
Time: Thu Mar 14 17:59:29 2024 Greenwich elapsed time: 100.083144 seconds (0d 0h 1m 40s)

---------------  T H R E A D  ---------------

Current thread (0x0000022fd9a2de80):  JavaThread "C2 CompilerThread0" daemon [_thread_in_native, id=21928, stack(0x0000009f62b00000,0x0000009f62c00000) (1024K)]


Current CompileTask:
C2: 100083 4522       4       jdk.internal.org.objectweb.asm.MethodWriter::computeAllFrames (510 bytes)

Stack: [0x0000009f62b00000,0x0000009f62c00000]
Native frames: (J=compiled Java code, j=interpreted, Vv=VM code, C=native code)
V  [jvm.dll+0x6c9029]
V  [jvm.dll+0x854b81]
V  [jvm.dll+0x856e5e]
V  [jvm.dll+0x857543]
V  [jvm.dll+0x280c06]
V  [jvm.dll+0xc3ead]
V  [jvm.dll+0xc43c3]
V  [jvm.dll+0x3b576c]
V  [jvm.dll+0x382475]
V  [jvm.dll+0x3818ea]
V  [jvm.dll+0x249ad0]
V  [jvm.dll+0x2490b1]
V  [jvm.dll+0x1c9ca1]
V  [jvm.dll+0x2586b9]
V  [jvm.dll+0x256c9a]
V  [jvm.dll+0x3ef1b6]
V  [jvm.dll+0x7fd728]
V  [jvm.dll+0x6c777d]
C  [ucrtbase.dll+0x21bb2]
C  [KERNEL32.DLL+0x17344]
C  [ntdll.dll+0x526b1]


---------------  P R O C E S S  ---------------

Threads class SMR info:
_java_thread_list=0x00000230211efcd0, length=17, elements={
0x0000022fbd26ef90, 0x0000022fd9a1f260, 0x0000022fd9a212b0, 0x0000022fd9a25a40,
0x0000022fd9a260b0, 0x0000022fd9a26720, 0x0000022fd9a2ada0, 0x0000022fd9a2de80,
0x0000022fd9a5ed30, 0x000002301f0a9150, 0x000002301f0b2190, 0x000002301f878bf0,
0x000002301f1818d0, 0x0000023021aa65e0, 0x0000023020fca200, 0x000002301ff38460,
0x000002301ff39ea0
}

Java Threads: ( => current thread )
  0x0000022fbd26ef90 JavaThread "main"                              [_thread_blocked, id=21024, stack(0x0000009f61d00000,0x0000009f61e00000) (1024K)]
  0x0000022fd9a1f260 JavaThread "Reference Handler"          daemon [_thread_blocked, id=11304, stack(0x0000009f62500000,0x0000009f62600000) (1024K)]
  0x0000022fd9a212b0 JavaThread "Finalizer"                  daemon [_thread_blocked, id=11908, stack(0x0000009f62600000,0x0000009f62700000) (1024K)]
  0x0000022fd9a25a40 JavaThread "Signal Dispatcher"          daemon [_thread_blocked, id=20984, stack(0x0000009f62700000,0x0000009f62800000) (1024K)]
  0x0000022fd9a260b0 JavaThread "Attach Listener"            daemon [_thread_blocked, id=20588, stack(0x0000009f62800000,0x0000009f62900000) (1024K)]
  0x0000022fd9a26720 JavaThread "Service Thread"             daemon [_thread_blocked, id=21912, stack(0x0000009f62900000,0x0000009f62a00000) (1024K)]
  0x0000022fd9a2ada0 JavaThread "Monitor Deflation Thread"   daemon [_thread_blocked, id=21864, stack(0x0000009f62a00000,0x0000009f62b00000) (1024K)]
=>0x0000022fd9a2de80 JavaThread "C2 CompilerThread0"         daemon [_thread_in_native, id=21928, stack(0x0000009f62b00000,0x0000009f62c00000) (1024K)]
  0x0000022fd9a5ed30 JavaThread "C1 CompilerThread0"         daemon [_thread_blocked, id=19184, stack(0x0000009f62c00000,0x0000009f62d00000) (1024K)]
  0x000002301f0a9150 JavaThread "Notification Thread"        daemon [_thread_blocked, id=20228, stack(0x0000009f62d00000,0x0000009f62e00000) (1024K)]
  0x000002301f0b2190 JavaThread "Common-Cleaner"             daemon [_thread_blocked, id=21244, stack(0x0000009f62e00000,0x0000009f62f00000) (1024K)]
  0x000002301f878bf0 JavaThread "Thread-0"                          [_thread_blocked, id=17656, stack(0x0000009f63000000,0x0000009f63100000) (1024K)]
  0x000002301f1818d0 JavaThread "restartedMain"                     [_thread_in_native, id=17784, stack(0x0000009f63100000,0x0000009f63200000) (1024K)]
  0x0000023021aa65e0 JavaThread "Catalina-utility-1"                [_thread_blocked, id=8204, stack(0x0000009f63200000,0x0000009f63300000) (1024K)]
  0x0000023020fca200 JavaThread "Catalina-utility-2"                [_thread_blocked, id=9824, stack(0x0000009f63300000,0x0000009f63400000) (1024K)]
  0x000002301ff38460 JavaThread "container-0"                       [_thread_blocked, id=19860, stack(0x0000009f63400000,0x0000009f63500000) (1024K)]
  0x000002301ff39ea0 JavaThread "mysql-cj-abandoned-connection-cleanup" daemon [_thread_blocked, id=19968, stack(0x0000009f63500000,0x0000009f63600000) (1024K)]
Total: 17

Other Threads:
  0x0000022fd9a018c0 VMThread "VM Thread"                           [id=21320, stack(0x0000009f62400000,0x0000009f62500000) (1024K)]
  0x0000022fbd30dd80 WatcherThread "VM Periodic Task Thread"        [id=21468, stack(0x0000009f62300000,0x0000009f62400000) (1024K)]
  0x0000022fbd2a3870 WorkerThread "GC Thread#0"                     [id=17216, stack(0x0000009f61e00000,0x0000009f61f00000) (1024K)]
  0x000002301f5135a0 WorkerThread "GC Thread#1"                     [id=22420, stack(0x0000009f62f00000,0x0000009f63000000) (1024K)]
  0x0000022fbd2b0050 ConcurrentGCThread "G1 Main Marker"            [id=20252, stack(0x0000009f61f00000,0x0000009f62000000) (1024K)]
  0x0000022fbd2b0e30 WorkerThread "G1 Conc#0"                       [id=18708, stack(0x0000009f62000000,0x0000009f62100000) (1024K)]
  0x0000022fbd2ffa10 ConcurrentGCThread "G1 Refine#0"               [id=21628, stack(0x0000009f62100000,0x0000009f62200000) (1024K)]
  0x0000022fbd3020b0 ConcurrentGCThread "G1 Service"                [id=64, stack(0x0000009f62200000,0x0000009f62300000) (1024K)]
Total: 8

Threads with active compile tasks:
C2 CompilerThread0   101128 4522       4       jdk.internal.org.objectweb.asm.MethodWriter::computeAllFrames (510 bytes)
Total: 1

VM state: not at safepoint (normal execution)

VM Mutex/Monitor currently owned by a thread: None

Heap address: 0x00000000c0400000, size: 1020 MB, Compressed Oops mode: 32-bit

CDS archive(s) mapped at: [0x0000022fda000000-0x0000022fdac90000-0x0000022fdac90000), size 13172736, SharedBaseAddress: 0x0000022fda000000, ArchiveRelocationMode: 1.
Compressed class space mapped at: 0x0000022fdb000000-0x000002301b000000, reserved size: 1073741824
Narrow klass base: 0x0000022fda000000, Narrow klass shift: 0, Narrow klass range: 0x100000000

GC Precious Log:
 CardTable entry size: 512
 Card Set container configuration: InlinePtr #cards 5 size 8 Array Of Cards #cards 12 size 40 Howl #buckets 4 coarsen threshold 1843 Howl Bitmap #cards 512 size 80 coarsen threshold 460 Card regions per heap region 1 cards per card region 2048
 CPUs: 2 total, 2 available
 Memory: 4075M
 Large Page Support: Disabled
 NUMA Support: Disabled
 Compressed Oops: Enabled (32-bit)
 Heap Region Size: 1M
 Heap Min Capacity: 8M
 Heap Initial Capacity: 64M
 Heap Max Capacity: 1020M
 Pre-touch: Disabled
 Parallel Workers: 2
 Concurrent Workers: 1
 Concurrent Refinement Workers: 2
 Periodic GC: Disabled

Heap:
 garbage-first heap   total 55296K, used 28349K [0x00000000c0400000, 0x0000000100000000)
  region size 1024K, 10 young (10240K), 2 survivors (2048K)
 Metaspace       used 37342K, committed 37952K, reserved 1114112K
  class space    used 4866K, committed 5120K, reserved 1048576K

Heap Regions: E=young(eden), S=young(survivor), O=old, HS=humongous(starts), HC=humongous(continues), CS=collection set, F=free, TAMS=top-at-mark-start, PB=parsable bottom
|   0|0x00000000c0400000, 0x00000000c0500000, 0x00000000c0500000|100%|HS|  |TAMS 0x00000000c0400000| PB 0x00000000c0400000| Complete 
|   1|0x00000000c0500000, 0x00000000c0600000, 0x00000000c0600000|100%| O|Cm|TAMS 0x00000000c0500000| PB 0x00000000c0500000| Complete 
|   2|0x00000000c0600000, 0x00000000c0700000, 0x00000000c0700000|100%| O|  |TAMS 0x00000000c0600000| PB 0x00000000c0600000| Untracked 
|   3|0x00000000c0700000, 0x00000000c0800000, 0x00000000c0800000|100%| O|  |TAMS 0x00000000c0700000| PB 0x00000000c0700000| Untracked 
|   4|0x00000000c0800000, 0x00000000c0900000, 0x00000000c0900000|100%| O|  |TAMS 0x00000000c0800000| PB 0x00000000c0800000| Untracked 
|   5|0x00000000c0900000, 0x00000000c0a00000, 0x00000000c0a00000|100%| O|  |TAMS 0x00000000c0900000| PB 0x00000000c0900000| Untracked 
|   6|0x00000000c0a00000, 0x00000000c0b00000, 0x00000000c0b00000|100%| O|  |TAMS 0x00000000c0a00000| PB 0x00000000c0a00000| Untracked 
|   7|0x00000000c0b00000, 0x00000000c0c00000, 0x00000000c0c00000|100%| O|  |TAMS 0x00000000c0b00000| PB 0x00000000c0b00000| Untracked 
|   8|0x00000000c0c00000, 0x00000000c0d00000, 0x00000000c0d00000|100%| O|  |TAMS 0x00000000c0c00000| PB 0x00000000c0c00000| Untracked 
|   9|0x00000000c0d00000, 0x00000000c0e00000, 0x00000000c0e00000|100%| O|  |TAMS 0x00000000c0d00000| PB 0x00000000c0d00000| Untracked 
|  10|0x00000000c0e00000, 0x00000000c0f00000, 0x00000000c0f00000|100%| O|  |TAMS 0x00000000c0e00000| PB 0x00000000c0e00000| Untracked 
|  11|0x00000000c0f00000, 0x00000000c1000000, 0x00000000c1000000|100%| O|  |TAMS 0x00000000c0f00000| PB 0x00000000c0f00000| Untracked 
|  12|0x00000000c1000000, 0x00000000c1100000, 0x00000000c1100000|100%| O|  |TAMS 0x00000000c1000000| PB 0x00000000c1000000| Untracked 
|  13|0x00000000c1100000, 0x00000000c1200000, 0x00000000c1200000|100%| O|  |TAMS 0x00000000c1100000| PB 0x00000000c1100000| Untracked 
|  14|0x00000000c1200000, 0x00000000c1300000, 0x00000000c1300000|100%| O|  |TAMS 0x00000000c1200000| PB 0x00000000c1200000| Untracked 
|  15|0x00000000c1300000, 0x00000000c1400000, 0x00000000c1400000|100%| O|  |TAMS 0x00000000c1300000| PB 0x00000000c1300000| Untracked 
|  16|0x00000000c1400000, 0x00000000c1500000, 0x00000000c1500000|100%| O|  |TAMS 0x00000000c1400000| PB 0x00000000c1400000| Untracked 
|  17|0x00000000c1500000, 0x00000000c1600000, 0x00000000c1600000|100%| O|  |TAMS 0x00000000c1500000| PB 0x00000000c1500000| Untracked 
|  18|0x00000000c1600000, 0x00000000c163e800, 0x00000000c1700000| 24%| O|  |TAMS 0x00000000c1600000| PB 0x00000000c1600000| Untracked 
|  19|0x00000000c1700000, 0x00000000c1700000, 0x00000000c1800000|  0%| F|  |TAMS 0x00000000c1700000| PB 0x00000000c1700000| Untracked 
|  20|0x00000000c1800000, 0x00000000c1800000, 0x00000000c1900000|  0%| F|  |TAMS 0x00000000c1800000| PB 0x00000000c1800000| Untracked 
|  21|0x00000000c1900000, 0x00000000c1900000, 0x00000000c1a00000|  0%| F|  |TAMS 0x00000000c1900000| PB 0x00000000c1900000| Untracked 
|  22|0x00000000c1a00000, 0x00000000c1b00000, 0x00000000c1b00000|100%| O|  |TAMS 0x00000000c1a00000| PB 0x00000000c1a00000| Untracked 
|  23|0x00000000c1b00000, 0x00000000c1b00000, 0x00000000c1c00000|  0%| F|  |TAMS 0x00000000c1b00000| PB 0x00000000c1b00000| Untracked 
|  24|0x00000000c1c00000, 0x00000000c1c00000, 0x00000000c1d00000|  0%| F|  |TAMS 0x00000000c1c00000| PB 0x00000000c1c00000| Untracked 
|  25|0x00000000c1d00000, 0x00000000c1d00000, 0x00000000c1e00000|  0%| F|  |TAMS 0x00000000c1d00000| PB 0x00000000c1d00000| Untracked 
|  26|0x00000000c1e00000, 0x00000000c1e00000, 0x00000000c1f00000|  0%| F|  |TAMS 0x00000000c1e00000| PB 0x00000000c1e00000| Untracked 
|  27|0x00000000c1f00000, 0x00000000c1f00000, 0x00000000c2000000|  0%| F|  |TAMS 0x00000000c1f00000| PB 0x00000000c1f00000| Untracked 
|  28|0x00000000c2000000, 0x00000000c2000000, 0x00000000c2100000|  0%| F|  |TAMS 0x00000000c2000000| PB 0x00000000c2000000| Untracked 
|  29|0x00000000c2100000, 0x00000000c2100000, 0x00000000c2200000|  0%| F|  |TAMS 0x00000000c2100000| PB 0x00000000c2100000| Untracked 
|  30|0x00000000c2200000, 0x00000000c2270f00, 0x00000000c2300000| 44%| S|CS|TAMS 0x00000000c2200000| PB 0x00000000c2200000| Complete 
|  31|0x00000000c2300000, 0x00000000c2400000, 0x00000000c2400000|100%| S|CS|TAMS 0x00000000c2300000| PB 0x00000000c2300000| Complete 
|  32|0x00000000c2400000, 0x00000000c2400000, 0x00000000c2500000|  0%| F|  |TAMS 0x00000000c2400000| PB 0x00000000c2400000| Untracked 
|  33|0x00000000c2500000, 0x00000000c2500000, 0x00000000c2600000|  0%| F|  |TAMS 0x00000000c2500000| PB 0x00000000c2500000| Untracked 
|  34|0x00000000c2600000, 0x00000000c2600000, 0x00000000c2700000|  0%| F|  |TAMS 0x00000000c2600000| PB 0x00000000c2600000| Untracked 
|  35|0x00000000c2700000, 0x00000000c2700000, 0x00000000c2800000|  0%| F|  |TAMS 0x00000000c2700000| PB 0x00000000c2700000| Untracked 
|  36|0x00000000c2800000, 0x00000000c2800000, 0x00000000c2900000|  0%| F|  |TAMS 0x00000000c2800000| PB 0x00000000c2800000| Untracked 
|  37|0x00000000c2900000, 0x00000000c2900000, 0x00000000c2a00000|  0%| F|  |TAMS 0x00000000c2900000| PB 0x00000000c2900000| Untracked 
|  38|0x00000000c2a00000, 0x00000000c2a00000, 0x00000000c2b00000|  0%| F|  |TAMS 0x00000000c2a00000| PB 0x00000000c2a00000| Untracked 
|  39|0x00000000c2b00000, 0x00000000c2b00000, 0x00000000c2c00000|  0%| F|  |TAMS 0x00000000c2b00000| PB 0x00000000c2b00000| Untracked 
|  40|0x00000000c2c00000, 0x00000000c2c00000, 0x00000000c2d00000|  0%| F|  |TAMS 0x00000000c2c00000| PB 0x00000000c2c00000| Untracked 
|  41|0x00000000c2d00000, 0x00000000c2d00000, 0x00000000c2e00000|  0%| F|  |TAMS 0x00000000c2d00000| PB 0x00000000c2d00000| Untracked 
|  42|0x00000000c2e00000, 0x00000000c2e00000, 0x00000000c2f00000|  0%| F|  |TAMS 0x00000000c2e00000| PB 0x00000000c2e00000| Untracked 
|  43|0x00000000c2f00000, 0x00000000c2f00000, 0x00000000c3000000|  0%| F|  |TAMS 0x00000000c2f00000| PB 0x00000000c2f00000| Untracked 
|  44|0x00000000c3000000, 0x00000000c3000000, 0x00000000c3100000|  0%| F|  |TAMS 0x00000000c3000000| PB 0x00000000c3000000| Untracked 
|  45|0x00000000c3100000, 0x00000000c3100000, 0x00000000c3200000|  0%| F|  |TAMS 0x00000000c3100000| PB 0x00000000c3100000| Untracked 
|  46|0x00000000c3200000, 0x00000000c32748c0, 0x00000000c3300000| 45%| E|  |TAMS 0x00000000c3200000| PB 0x00000000c3200000| Complete 
|  47|0x00000000c3300000, 0x00000000c3400000, 0x00000000c3400000|100%| E|CS|TAMS 0x00000000c3300000| PB 0x00000000c3300000| Complete 
|  48|0x00000000c3400000, 0x00000000c3500000, 0x00000000c3500000|100%| E|CS|TAMS 0x00000000c3400000| PB 0x00000000c3400000| Complete 
|  49|0x00000000c3500000, 0x00000000c3600000, 0x00000000c3600000|100%| E|CS|TAMS 0x00000000c3500000| PB 0x00000000c3500000| Complete 
|  50|0x00000000c3600000, 0x00000000c3700000, 0x00000000c3700000|100%| E|CS|TAMS 0x00000000c3600000| PB 0x00000000c3600000| Complete 
|  51|0x00000000c3700000, 0x00000000c3800000, 0x00000000c3800000|100%| E|CS|TAMS 0x00000000c3700000| PB 0x00000000c3700000| Complete 
|  52|0x00000000c3800000, 0x00000000c3900000, 0x00000000c3900000|100%| E|CS|TAMS 0x00000000c3800000| PB 0x00000000c3800000| Complete 
|  56|0x00000000c3c00000, 0x00000000c3d00000, 0x00000000c3d00000|100%| E|CS|TAMS 0x00000000c3c00000| PB 0x00000000c3c00000| Complete 

Card table byte_map: [0x0000022fd6490000,0x0000022fd6690000] _byte_map_base: 0x0000022fd5e8e000

Marking Bits: (CMBitMap*) 0x0000022fbd2a4e90
 Bits: [0x0000022fd6690000, 0x0000022fd7680000)

Polling page: 0x0000022fbd310000

Metaspace:

Usage:
  Non-class:     31.71 MB used.
      Class:      4.75 MB used.
       Both:     36.47 MB used.

Virtual space:
  Non-class space:       64.00 MB reserved,      32.06 MB ( 50%) committed,  1 nodes.
      Class space:        1.00 GB reserved,       5.00 MB ( <1%) committed,  1 nodes.
             Both:        1.06 GB reserved,      37.06 MB (  3%) committed. 

Chunk freelists:
   Non-Class:  15.05 MB
       Class:  10.95 MB
        Both:  26.00 MB

MaxMetaspaceSize: unlimited
CompressedClassSpaceSize: 1.00 GB
Initial GC threshold: 21.00 MB
Current GC threshold: 58.69 MB
CDS: on
 - commit_granule_bytes: 65536.
 - commit_granule_words: 8192.
 - virtual_space_node_default_size: 8388608.
 - enlarge_chunks_in_place: 1.
 - use_allocation_guard: 0.


Internal statistics:

num_allocs_failed_limit: 6.
num_arena_births: 712.
num_arena_deaths: 0.
num_vsnodes_births: 2.
num_vsnodes_deaths: 0.
num_space_committed: 593.
num_space_uncommitted: 0.
num_chunks_returned_to_freelist: 6.
num_chunks_taken_from_freelist: 2082.
num_chunk_merges: 6.
num_chunk_splits: 1438.
num_chunks_enlarged: 1038.
num_inconsistent_stats: 0.

CodeHeap 'non-profiled nmethods': size=120064Kb used=2690Kb max_used=2816Kb free=117373Kb
 bounds [0x0000022fce950000, 0x0000022fcec20000, 0x0000022fd5e90000]
CodeHeap 'profiled nmethods': size=120000Kb used=8737Kb max_used=9769Kb free=111262Kb
 bounds [0x0000022fc6e90000, 0x0000022fc7820000, 0x0000022fce3c0000]
CodeHeap 'non-nmethods': size=5696Kb used=1490Kb max_used=1526Kb free=4205Kb
 bounds [0x0000022fce3c0000, 0x0000022fce630000, 0x0000022fce950000]
 total_blobs=4640 nmethods=4075 adapters=470
 compilation: enabled
              stopped_count=0, restarted_count=0
 full_count=0

Compilation events (20 events):
Event: 97.918 Thread 0x0000022fd9a2de80 nmethod 4513 0x0000022fce9b9010 code [0x0000022fce9b91a0, 0x0000022fce9b9240]
Event: 98.175 Thread 0x0000022fd9a2de80 4514   !   4       jdk.internal.loader.BuiltinClassLoader::findClassOnClassPathOrNull (64 bytes)
Event: 98.269 Thread 0x0000022fd9a5ed30 4515       3       java.lang.reflect.ProxyGenerator::addProxyMethod (33 bytes)
Event: 98.271 Thread 0x0000022fd9a5ed30 nmethod 4515 0x0000022fc6f40710 code [0x0000022fc6f40900, 0x0000022fc6f40e48]
Event: 98.271 Thread 0x0000022fd9a5ed30 4516       3       java.lang.reflect.ProxyGenerator$$Lambda/0x0000022fdb069000::apply (8 bytes)
Event: 98.272 Thread 0x0000022fd9a5ed30 nmethod 4516 0x0000022fc710e410 code [0x0000022fc710e5e0, 0x0000022fc710e8e0]
Event: 98.518 Thread 0x0000022fd9a5ed30 4518       3       net.bytebuddy.matcher.ElementMatcher$Junction$AbstractBase::<init> (5 bytes)
Event: 98.518 Thread 0x0000022fd9a5ed30 nmethod 4518 0x0000022fc6ed5190 code [0x0000022fc6ed5340, 0x0000022fc6ed54a8]
Event: 98.630 Thread 0x0000022fd9a5ed30 4519   !   3       java.util.AbstractList$Itr::next (46 bytes)
Event: 98.631 Thread 0x0000022fd9a5ed30 nmethod 4519 0x0000022fc6fd0010 code [0x0000022fc6fd0220, 0x0000022fc6fd0848]
Event: 98.632 Thread 0x0000022fd9a5ed30 4520       3       java.util.Arrays$ArrayList::get (7 bytes)
Event: 98.632 Thread 0x0000022fd9a5ed30 nmethod 4520 0x0000022fc6f24e10 code [0x0000022fc6f24fc0, 0x0000022fc6f250f8]
Event: 99.075 Thread 0x0000022fd9a5ed30 4521       1       java.lang.Module::getName (5 bytes)
Event: 99.075 Thread 0x0000022fd9a5ed30 nmethod 4521 0x0000022fce9dd310 code [0x0000022fce9dd4a0, 0x0000022fce9dd568]
Event: 99.406 Thread 0x0000022fd9a2de80 nmethod 4514 0x0000022fcec10290 code [0x0000022fcec10c00, 0x0000022fcec183e8]
Event: 99.407 Thread 0x0000022fd9a2de80 4517       4       jdk.internal.org.objectweb.asm.MethodWriter::visitMethodInsn (191 bytes)
Event: 99.428 Thread 0x0000022fd9a5ed30 4523   !   3       jdk.internal.reflect.DirectMethodHandleAccessor::invoke (92 bytes)
Event: 99.435 Thread 0x0000022fd9a5ed30 nmethod 4523 0x0000022fc6feb790 code [0x0000022fc6febcc0, 0x0000022fc6fee248]
Event: 99.541 Thread 0x0000022fd9a2de80 nmethod 4517 0x0000022fcea9e210 code [0x0000022fcea9e540, 0x0000022fcea9fc60]
Event: 99.542 Thread 0x0000022fd9a2de80 4522       4       jdk.internal.org.objectweb.asm.MethodWriter::computeAllFrames (510 bytes)

GC Heap History (20 events):
Event: 3.359 GC heap before
{Heap before GC invocations=0 (full 0):
 garbage-first heap   total 65536K, used 6144K [0x00000000c0400000, 0x0000000100000000)
  region size 1024K, 6 young (6144K), 0 survivors (0K)
 Metaspace       used 367K, committed 512K, reserved 1114112K
  class space    used 14K, committed 128K, reserved 1048576K
}
Event: 3.369 GC heap after
{Heap after GC invocations=1 (full 0):
 garbage-first heap   total 65536K, used 5315K [0x00000000c0400000, 0x0000000100000000)
  region size 1024K, 1 young (1024K), 1 survivors (1024K)
 Metaspace       used 367K, committed 512K, reserved 1114112K
  class space    used 14K, committed 128K, reserved 1048576K
}
Event: 10.427 GC heap before
{Heap before GC invocations=1 (full 0):
 garbage-first heap   total 65536K, used 8387K [0x00000000c0400000, 0x0000000100000000)
  region size 1024K, 4 young (4096K), 1 survivors (1024K)
 Metaspace       used 2002K, committed 2176K, reserved 1114112K
  class space    used 163K, committed 256K, reserved 1048576K
}
Event: 10.436 GC heap after
{Heap after GC invocations=2 (full 0):
 garbage-first heap   total 65536K, used 6130K [0x00000000c0400000, 0x0000000100000000)
  region size 1024K, 1 young (1024K), 1 survivors (1024K)
 Metaspace       used 2002K, committed 2176K, reserved 1114112K
  class space    used 163K, committed 256K, reserved 1048576K
}
Event: 20.233 GC heap before
{Heap before GC invocations=2 (full 0):
 garbage-first heap   total 65536K, used 13298K [0x00000000c0400000, 0x0000000100000000)
  region size 1024K, 9 young (9216K), 1 survivors (1024K)
 Metaspace       used 4582K, committed 4800K, reserved 1114112K
  class space    used 507K, committed 640K, reserved 1048576K
}
Event: 20.243 GC heap after
{Heap after GC invocations=3 (full 0):
 garbage-first heap   total 65536K, used 7339K [0x00000000c0400000, 0x0000000100000000)
  region size 1024K, 2 young (2048K), 2 survivors (2048K)
 Metaspace       used 4582K, committed 4800K, reserved 1114112K
  class space    used 507K, committed 640K, reserved 1048576K
}
Event: 25.163 GC heap before
{Heap before GC invocations=3 (full 0):
 garbage-first heap   total 65536K, used 18603K [0x00000000c0400000, 0x0000000100000000)
  region size 1024K, 13 young (13312K), 2 survivors (2048K)
 Metaspace       used 6988K, committed 7168K, reserved 1114112K
  class space    used 816K, committed 896K, reserved 1048576K
}
Event: 25.178 GC heap after
{Heap after GC invocations=4 (full 0):
 garbage-first heap   total 65536K, used 8109K [0x00000000c0400000, 0x0000000100000000)
  region size 1024K, 1 young (1024K), 1 survivors (1024K)
 Metaspace       used 6988K, committed 7168K, reserved 1114112K
  class space    used 816K, committed 896K, reserved 1048576K
}
Event: 39.044 GC heap before
{Heap before GC invocations=4 (full 0):
 garbage-first heap   total 65536K, used 40877K [0x00000000c0400000, 0x0000000100000000)
  region size 1024K, 34 young (34816K), 1 survivors (1024K)
 Metaspace       used 15868K, committed 16192K, reserved 1114112K
  class space    used 1934K, committed 2048K, reserved 1048576K
}
Event: 39.068 GC heap after
{Heap after GC invocations=5 (full 0):
 garbage-first heap   total 65536K, used 10705K [0x00000000c0400000, 0x0000000100000000)
  region size 1024K, 4 young (4096K), 4 survivors (4096K)
 Metaspace       used 15868K, committed 16192K, reserved 1114112K
  class space    used 1934K, committed 2048K, reserved 1048576K
}
Event: 51.880 GC heap before
{Heap before GC invocations=5 (full 0):
 garbage-first heap   total 65536K, used 44497K [0x00000000c0400000, 0x0000000100000000)
  region size 1024K, 38 young (38912K), 4 survivors (4096K)
 Metaspace       used 20100K, committed 20416K, reserved 1114112K
  class space    used 2420K, committed 2560K, reserved 1048576K
}
Event: 51.922 GC heap after
{Heap after GC invocations=6 (full 0):
 garbage-first heap   total 65536K, used 14938K [0x00000000c0400000, 0x0000000100000000)
  region size 1024K, 5 young (5120K), 5 survivors (5120K)
 Metaspace       used 20100K, committed 20416K, reserved 1114112K
  class space    used 2420K, committed 2560K, reserved 1048576K
}
Event: 54.396 GC heap before
{Heap before GC invocations=6 (full 0):
 garbage-first heap   total 65536K, used 21082K [0x00000000c0400000, 0x0000000100000000)
  region size 1024K, 12 young (12288K), 5 survivors (5120K)
 Metaspace       used 21209K, committed 21504K, reserved 1114112K
  class space    used 2566K, committed 2688K, reserved 1048576K
}
Event: 54.419 GC heap after
{Heap after GC invocations=7 (full 0):
 garbage-first heap   total 65536K, used 15579K [0x00000000c0400000, 0x0000000100000000)
  region size 1024K, 1 young (1024K), 1 survivors (1024K)
 Metaspace       used 21209K, committed 21504K, reserved 1114112K
  class space    used 2566K, committed 2688K, reserved 1048576K
}
Event: 66.312 GC heap before
{Heap before GC invocations=8 (full 0):
 garbage-first heap   total 55296K, used 46299K [0x00000000c0400000, 0x0000000100000000)
  region size 1024K, 32 young (32768K), 1 survivors (1024K)
 Metaspace       used 26093K, committed 26560K, reserved 1114112K
  class space    used 3247K, committed 3456K, reserved 1048576K
}
Event: 66.338 GC heap after
{Heap after GC invocations=9 (full 0):
 garbage-first heap   total 55296K, used 18161K [0x00000000c0400000, 0x0000000100000000)
  region size 1024K, 4 young (4096K), 4 survivors (4096K)
 Metaspace       used 26093K, committed 26560K, reserved 1114112K
  class space    used 3247K, committed 3456K, reserved 1048576K
}
Event: 83.804 GC heap before
{Heap before GC invocations=9 (full 0):
 garbage-first heap   total 55296K, used 43761K [0x00000000c0400000, 0x0000000100000000)
  region size 1024K, 30 young (30720K), 4 survivors (4096K)
 Metaspace       used 30596K, committed 31168K, reserved 1114112K
  class space    used 3828K, committed 4096K, reserved 1048576K
}
Event: 83.835 GC heap after
{Heap after GC invocations=10 (full 0):
 garbage-first heap   total 55296K, used 20148K [0x00000000c0400000, 0x0000000100000000)
  region size 1024K, 3 young (3072K), 3 survivors (3072K)
 Metaspace       used 30596K, committed 31168K, reserved 1114112K
  class space    used 3828K, committed 4096K, reserved 1048576K
}
Event: 96.588 GC heap before
{Heap before GC invocations=10 (full 0):
 garbage-first heap   total 55296K, used 41652K [0x00000000c0400000, 0x0000000100000000)
  region size 1024K, 25 young (25600K), 3 survivors (3072K)
 Metaspace       used 35389K, committed 35968K, reserved 1114112K
  class space    used 4514K, committed 4800K, reserved 1048576K
}
Event: 96.609 GC heap after
{Heap after GC invocations=11 (full 0):
 garbage-first heap   total 55296K, used 21181K [0x00000000c0400000, 0x0000000100000000)
  region size 1024K, 2 young (2048K), 2 survivors (2048K)
 Metaspace       used 35389K, committed 35968K, reserved 1114112K
  class space    used 4514K, committed 4800K, reserved 1048576K
}

Dll operation events (10 events):
Event: 0.246 Loaded shared library C:\Program Files\Java\jdk-21\bin\java.dll
Event: 1.249 Loaded shared library C:\Program Files\Java\jdk-21\bin\jsvml.dll
Event: 1.493 Loaded shared library C:\Program Files\Java\jdk-21\bin\net.dll
Event: 1.504 Loaded shared library C:\Program Files\Java\jdk-21\bin\nio.dll
Event: 1.518 Loaded shared library C:\Program Files\Java\jdk-21\bin\zip.dll
Event: 4.961 Loaded shared library C:\Program Files\Java\jdk-21\bin\jimage.dll
Event: 18.613 Loaded shared library C:\Program Files\Java\jdk-21\bin\management.dll
Event: 19.183 Loaded shared library C:\Program Files\Java\jdk-21\bin\management_ext.dll
Event: 43.892 Loaded shared library C:\Program Files\Java\jdk-21\bin\sunmscapi.dll
Event: 96.895 Loaded shared library C:\Program Files\Java\jdk-21\bin\verify.dll

Deoptimization events (20 events):
Event: 86.039 Thread 0x000002301ff39ea0 Uncommon trap: trap_request=0xffffff45 fr.pc=0x0000022fceba52a0 relative=0x0000000000001cc0
Event: 86.039 Thread 0x000002301ff39ea0 Uncommon trap: reason=unstable_if action=reinterpret pc=0x0000022fceba52a0 method=java.net.URLStreamHandler.parseURL(Ljava/net/URL;Ljava/lang/String;II)V @ 57 c2
Event: 86.039 Thread 0x000002301ff39ea0 DEOPT PACKING pc=0x0000022fceba52a0 sp=0x0000009f635fed20
Event: 86.039 Thread 0x000002301ff39ea0 DEOPT UNPACKING pc=0x0000022fce41469c sp=0x0000009f635fecb0 mode 2
Event: 86.062 Thread 0x000002301f1818d0 DEOPT PACKING pc=0x0000022fc77366a4 sp=0x0000009f631fbd60
Event: 86.062 Thread 0x000002301f1818d0 DEOPT UNPACKING pc=0x0000022fce414e23 sp=0x0000009f631fb238 mode 0
Event: 86.075 Thread 0x000002301f1818d0 DEOPT PACKING pc=0x0000022fc77366a4 sp=0x0000009f631fbd60
Event: 86.075 Thread 0x000002301f1818d0 DEOPT UNPACKING pc=0x0000022fce414e23 sp=0x0000009f631fb238 mode 0
Event: 86.145 Thread 0x000002301f1818d0 DEOPT PACKING pc=0x0000022fc77366a4 sp=0x0000009f631fbd60
Event: 86.145 Thread 0x000002301f1818d0 DEOPT UNPACKING pc=0x0000022fce414e23 sp=0x0000009f631fb238 mode 0
Event: 86.203 Thread 0x000002301f1818d0 DEOPT PACKING pc=0x0000022fc77366a4 sp=0x0000009f631fbd60
Event: 86.203 Thread 0x000002301f1818d0 DEOPT UNPACKING pc=0x0000022fce414e23 sp=0x0000009f631fb238 mode 0
Event: 87.743 Thread 0x000002301f1818d0 Uncommon trap: trap_request=0xffffff45 fr.pc=0x0000022fcebd3ab8 relative=0x0000000000002178
Event: 87.743 Thread 0x000002301f1818d0 Uncommon trap: reason=unstable_if action=reinterpret pc=0x0000022fcebd3ab8 method=java.lang.PublicMethods$MethodList.filter([Ljava/lang/reflect/Method;Ljava/lang/String;[Ljava/lang/Class;Z)Ljava/lang/PublicMethods$MethodList; @ 43 c2
Event: 87.743 Thread 0x000002301f1818d0 DEOPT PACKING pc=0x0000022fcebd3ab8 sp=0x0000009f631fcdd0
Event: 87.744 Thread 0x000002301f1818d0 DEOPT UNPACKING pc=0x0000022fce41469c sp=0x0000009f631fcc28 mode 2
Event: 87.744 Thread 0x000002301f1818d0 Uncommon trap: trap_request=0xffffff45 fr.pc=0x0000022fceb93e10 relative=0x0000000000000710
Event: 87.744 Thread 0x000002301f1818d0 Uncommon trap: reason=unstable_if action=reinterpret pc=0x0000022fceb93e10 method=java.lang.PublicMethods$MethodList.filter([Ljava/lang/reflect/Method;Ljava/lang/String;[Ljava/lang/Class;Z)Ljava/lang/PublicMethods$MethodList; @ 43 c2
Event: 87.744 Thread 0x000002301f1818d0 DEOPT PACKING pc=0x0000022fceb93e10 sp=0x0000009f631fcc50
Event: 87.803 Thread 0x000002301f1818d0 DEOPT UNPACKING pc=0x0000022fce41469c sp=0x0000009f631fcc20 mode 2

Classes loaded (20 events):
Event: 87.999 Loading class java/lang/instrument/ClassFileTransformer
Event: 87.999 Loading class java/lang/instrument/ClassFileTransformer done
Event: 96.047 Loading class javax/xml/stream/XMLStreamException
Event: 96.096 Loading class javax/xml/stream/XMLStreamException done
Event: 96.172 Loading class javax/xml/stream/XMLResolver
Event: 96.172 Loading class javax/xml/stream/XMLResolver done
Event: 96.172 Loading class javax/xml/stream/XMLEventReader
Event: 96.188 Loading class javax/xml/stream/XMLEventReader done
Event: 96.226 Loading class javax/xml/stream/XMLEventFactory
Event: 96.229 Loading class javax/xml/stream/XMLEventFactory done
Event: 96.230 Loading class javax/xml/stream/FactoryFinder
Event: 96.247 Loading class javax/xml/stream/FactoryFinder done
Event: 96.249 Loading class javax/xml/stream/FactoryFinder$1
Event: 96.249 Loading class javax/xml/stream/FactoryFinder$1 done
Event: 96.252 Loading class com/sun/xml/internal/stream/events/XMLEventFactoryImpl
Event: 96.253 Loading class com/sun/xml/internal/stream/events/XMLEventFactoryImpl done
Event: 97.083 Loading class java/lang/Process
Event: 97.100 Loading class java/lang/Process done
Event: 97.361 Loading class java/lang/reflect/GenericSignatureFormatError
Event: 97.362 Loading class java/lang/reflect/GenericSignatureFormatError done

Classes unloaded (0 events):
No events

Classes redefined (0 events):
No events

Internal exceptions (20 events):
Event: 71.023 Thread 0x000002301f1818d0 Exception <a 'java/lang/NoSuchMethodError'{0x00000000c3437298}: 'void java.lang.invoke.DirectMethodHandle$Holder.invokeStatic(java.lang.Object, java.lang.Object, int)'> (0x00000000c3437298) 
thrown [s\open\src\hotspot\share\interpreter\linkResolver.cpp, line 773]
Event: 71.413 Thread 0x000002301f1818d0 Exception <a 'java/lang/NoSuchMethodError'{0x00000000c330c680}: 'java.lang.Object java.lang.invoke.DirectMethodHandle$Holder.invokeVirtual(java.lang.Object, java.lang.Object, java.lang.Object, java.lang.Object, java.lang.Object, java.lang.Object)'> (0x00000000c330c680) 
thrown [s\open\src\hotspot\share\interpreter\linkResolver.cpp, line 773]
Event: 71.921 Thread 0x000002301f1818d0 Exception <a 'java/lang/NoSuchMethodError'{0x00000000c325eac0}: 'void java.lang.invoke.DirectMethodHandle$Holder.invokeInterface(java.lang.Object, java.lang.Object, int)'> (0x00000000c325eac0) 
thrown [s\open\src\hotspot\share\interpreter\linkResolver.cpp, line 773]
Event: 72.013 Thread 0x000002301f1818d0 Exception <a 'java/lang/IncompatibleClassChangeError'{0x00000000c32a0db8}: Found class java.lang.Object, but interface was expected> (0x00000000c32a0db8) 
thrown [s\open\src\hotspot\share\interpreter\linkResolver.cpp, line 840]
Event: 72.019 Thread 0x000002301f1818d0 Exception <a 'java/lang/NoSuchMethodError'{0x00000000c32aee20}: 'int java.lang.invoke.DirectMethodHandle$Holder.invokeSpecialIFC(java.lang.Object, java.lang.Object, java.lang.Object)'> (0x00000000c32aee20) 
thrown [s\open\src\hotspot\share\interpreter\linkResolver.cpp, line 773]
Event: 72.062 Thread 0x000002301f1818d0 Exception <a 'java/lang/NoSuchMethodError'{0x00000000c32bb198}: 'void java.lang.invoke.DirectMethodHandle$Holder.invokeStatic(java.lang.Object, int, java.lang.Object)'> (0x00000000c32bb198) 
thrown [s\open\src\hotspot\share\interpreter\linkResolver.cpp, line 773]
Event: 72.370 Thread 0x000002301f1818d0 Exception <a 'java/lang/NoSuchMethodError'{0x00000000c32f1120}: 'void java.lang.invoke.DirectMethodHandle$Holder.invokeStatic(java.lang.Object, java.lang.Object, java.lang.Object, int, java.lang.Object)'> (0x00000000c32f1120) 
thrown [s\open\src\hotspot\share\interpreter\linkResolver.cpp, line 773]
Event: 72.375 Thread 0x000002301f1818d0 Exception <a 'java/lang/NoSuchMethodError'{0x00000000c32f7960}: 'java.lang.Object java.lang.invoke.DirectMethodHandle$Holder.newInvokeSpecial(java.lang.Object, java.lang.Object, java.lang.Object, int)'> (0x00000000c32f7960) 
thrown [s\open\src\hotspot\share\interpreter\linkResolver.cpp, line 773]
Event: 72.376 Thread 0x000002301f1818d0 Exception <a 'java/lang/NoSuchMethodError'{0x00000000c32fb7e0}: 'java.lang.Object java.lang.invoke.DirectMethodHandle$Holder.invokeSpecial(java.lang.Object, java.lang.Object, java.lang.Object, java.lang.Object, int)'> (0x00000000c32fb7e0) 
thrown [s\open\src\hotspot\share\interpreter\linkResolver.cpp, line 773]
Event: 72.378 Thread 0x000002301f1818d0 Exception <a 'java/lang/NoSuchMethodError'{0x00000000c32fec68}: 'java.lang.Object java.lang.invoke.Invokers$Holder.linkToTargetMethod(java.lang.Object, java.lang.Object, int, java.lang.Object)'> (0x00000000c32fec68) 
thrown [s\open\src\hotspot\share\interpreter\linkResolver.cpp, line 773]
Event: 75.294 Thread 0x000002301f1818d0 Exception <a 'java/lang/NoSuchMethodError'{0x00000000c2c21cf0}: 'java.lang.Object java.lang.invoke.DirectMethodHandle$Holder.invokeStaticInit(java.lang.Object, int, int, int, int)'> (0x00000000c2c21cf0) 
thrown [s\open\src\hotspot\share\interpreter\linkResolver.cpp, line 773]
Event: 77.245 Thread 0x000002301f1818d0 Exception <a 'java/lang/NoSuchMethodError'{0x00000000c2c49cf0}: 'java.lang.Object java.lang.invoke.DirectMethodHandle$Holder.invokeStaticInit(java.lang.Object, java.lang.Object, int, int, int, int)'> (0x00000000c2c49cf0) 
thrown [s\open\src\hotspot\share\interpreter\linkResolver.cpp, line 773]
Event: 80.519 Thread 0x000002301f1818d0 Exception <a 'java/lang/NoSuchMethodError'{0x00000000c25a6018}: 'int java.lang.invoke.DirectMethodHandle$Holder.invokeVirtual(java.lang.Object, java.lang.Object, java.lang.Object, java.lang.Object)'> (0x00000000c25a6018) 
thrown [s\open\src\hotspot\share\interpreter\linkResolver.cpp, line 773]
Event: 80.520 Thread 0x000002301f1818d0 Exception <a 'java/lang/NoSuchMethodError'{0x00000000c25a9a80}: 'int java.lang.invoke.DelegatingMethodHandle$Holder.reinvoke_L(java.lang.Object, java.lang.Object, java.lang.Object, java.lang.Object)'> (0x00000000c25a9a80) 
thrown [s\open\src\hotspot\share\interpreter\linkResolver.cpp, line 773]
Event: 81.814 Thread 0x000002301f1818d0 Exception <a 'java/io/FileNotFoundException'{0x00000000c23d16c8}> (0x00000000c23d16c8) 
thrown [s\open\src\hotspot\share\prims\jni.cpp, line 520]
Event: 83.309 Thread 0x000002301f1818d0 Exception <a 'java/lang/NoSuchMethodError'{0x00000000c2170fb8}: 'int java.lang.invoke.DirectMethodHandle$Holder.invokeInterface(java.lang.Object, java.lang.Object, java.lang.Object, java.lang.Object)'> (0x00000000c2170fb8) 
thrown [s\open\src\hotspot\share\interpreter\linkResolver.cpp, line 773]
Event: 85.062 Thread 0x000002301f1818d0 Exception <a 'java/lang/NoSuchMethodError'{0x00000000c38c2660}: 'long java.lang.invoke.DirectMethodHandle$Holder.invokeVirtual(java.lang.Object, java.lang.Object)'> (0x00000000c38c2660) 
thrown [s\open\src\hotspot\share\interpreter\linkResolver.cpp, line 773]
Event: 85.122 Thread 0x000002301f1818d0 Exception <a 'java/io/FileNotFoundException'{0x00000000c38ec660}> (0x00000000c38ec660) 
thrown [s\open\src\hotspot\share\prims\jni.cpp, line 520]
Event: 86.487 Thread 0x000002301f1818d0 Exception <a 'java/lang/NoSuchMethodError'{0x00000000c32198f8}: 'java.lang.Object java.lang.invoke.DirectMethodHandle$Holder.newInvokeSpecial(java.lang.Object, java.lang.Object, java.lang.Object, java.lang.Object, java.lang.Object, java.lang.Object, java.lang.Object, java.lang.Object, java.lang.Object, java.lang.Object, java.lang.Object)'> (0x00000000c32198f8) 
thrown [s\open\src\hotspot\share\interpreter\linkResolver.cpp, line 773]
Event: 88.719 Thread 0x000002301f1818d0 Exception <a 'java/lang/NoSuchMethodError'{0x00000000c2f932b8}: 'void java.lang.invoke.DelegatingMethodHandle$Holder.reinvoke_L(java.lang.Object, java.lang.Object, java.lang.Object, java.lang.Object, int, java.lang.Object, java.lang.Object, java.lang.Object)'> (0x00000000c2f932b8) 
thrown [s\open\src\hotspot\share\interpreter\linkResolver.cpp, line 773]

ZGC Phase Switch (0 events):
No events

VM Operations (20 events):
Event: 90.226 Executing VM operation: Cleanup
Event: 90.226 Executing VM operation: Cleanup done
Event: 91.943 Executing VM operation: HandshakeAllThreads (Deoptimize)
Event: 91.943 Executing VM operation: HandshakeAllThreads (Deoptimize) done
Event: 92.946 Executing VM operation: Cleanup
Event: 92.946 Executing VM operation: Cleanup done
Event: 94.952 Executing VM operation: Cleanup
Event: 94.952 Executing VM operation: Cleanup done
Event: 95.959 Executing VM operation: Cleanup
Event: 95.959 Executing VM operation: Cleanup done
Event: 96.588 Executing VM operation: CollectForMetadataAllocation (Metadata GC Threshold)
Event: 96.609 Executing VM operation: CollectForMetadataAllocation (Metadata GC Threshold) done
Event: 96.738 Executing VM operation: G1PauseRemark
Event: 96.758 Executing VM operation: G1PauseRemark done
Event: 96.792 Executing VM operation: G1PauseCleanup
Event: 96.950 Executing VM operation: G1PauseCleanup done
Event: 97.954 Executing VM operation: Cleanup
Event: 97.955 Executing VM operation: Cleanup done
Event: 98.956 Executing VM operation: Cleanup
Event: 99.037 Executing VM operation: Cleanup done

Events (20 events):
Event: 96.756 Thread 0x0000022fd9a018c0 flushing nmethod 0x0000022fce9a5710
Event: 96.756 Thread 0x0000022fd9a018c0 flushing nmethod 0x0000022fce9a1c10
Event: 96.756 Thread 0x0000022fd9a018c0 flushing nmethod 0x0000022fce99eb90
Event: 96.756 Thread 0x0000022fd9a018c0 flushing nmethod 0x0000022fce985290
Event: 96.756 Thread 0x0000022fd9a018c0 flushing nmethod 0x0000022fce999a90
Event: 96.756 Thread 0x0000022fd9a018c0 flushing nmethod 0x0000022fce98d190
Event: 96.756 Thread 0x0000022fd9a018c0 flushing nmethod 0x0000022fce971710
Event: 96.756 Thread 0x0000022fd9a018c0 flushing nmethod 0x0000022fce970c90
Event: 96.756 Thread 0x0000022fd9a018c0 flushing nmethod 0x0000022fce976690
Event: 96.756 Thread 0x0000022fd9a018c0 flushing nmethod 0x0000022fce975790
Event: 96.756 Thread 0x0000022fd9a018c0 flushing nmethod 0x0000022fce970590
Event: 96.756 Thread 0x0000022fd9a018c0 flushing nmethod 0x0000022fce970210
Event: 96.756 Thread 0x0000022fd9a018c0 flushing nmethod 0x0000022fce96ff10
Event: 96.756 Thread 0x0000022fd9a018c0 flushing nmethod 0x0000022fce970890
Event: 96.756 Thread 0x0000022fd9a018c0 flushing nmethod 0x0000022fce96de10
Event: 96.756 Thread 0x0000022fd9a018c0 flushing nmethod 0x0000022fce957190
Event: 96.756 Thread 0x0000022fd9a018c0 flushing nmethod 0x0000022fce962210
Event: 96.756 Thread 0x0000022fd9a018c0 flushing nmethod 0x0000022fce95fa90
Event: 96.756 Thread 0x0000022fd9a018c0 flushing nmethod 0x0000022fce95dd90
Event: 96.756 Thread 0x0000022fd9a018c0 flushing nmethod 0x0000022fce95da90


Dynamic libraries:
0x00007ff6cd830000 - 0x00007ff6cd840000 	C:\Program Files\Java\jdk-21\bin\javaw.exe
0x00007ff843570000 - 0x00007ff843768000 	C:\WINDOWS\SYSTEM32\ntdll.dll
0x00007ff841ae0000 - 0x00007ff841b9d000 	C:\WINDOWS\System32\KERNEL32.DLL
0x00007ff840ee0000 - 0x00007ff8411d6000 	C:\WINDOWS\System32\KERNELBASE.dll
0x00007ff8411e0000 - 0x00007ff8412e0000 	C:\WINDOWS\System32\ucrtbase.dll
0x00007ff825b50000 - 0x00007ff825b6b000 	C:\Program Files\Java\jdk-21\bin\VCRUNTIME140.dll
0x00007ff830310000 - 0x00007ff830329000 	C:\Program Files\Java\jdk-21\bin\jli.dll
0x00007ff841f30000 - 0x00007ff841fe3000 	C:\WINDOWS\System32\ADVAPI32.dll
0x00007ff843430000 - 0x00007ff8434ce000 	C:\WINDOWS\System32\msvcrt.dll
0x00007ff842050000 - 0x00007ff8420ef000 	C:\WINDOWS\System32\sechost.dll
0x00007ff8419b0000 - 0x00007ff841ad6000 	C:\WINDOWS\System32\RPCRT4.dll
0x00007ff840eb0000 - 0x00007ff840ed7000 	C:\WINDOWS\System32\bcrypt.dll
0x00007ff841ba0000 - 0x00007ff841d3e000 	C:\WINDOWS\System32\USER32.dll
0x00007ff840c30000 - 0x00007ff840c52000 	C:\WINDOWS\System32\win32u.dll
0x00007ff842160000 - 0x00007ff84218b000 	C:\WINDOWS\System32\GDI32.dll
0x00007ff841330000 - 0x00007ff841447000 	C:\WINDOWS\System32\gdi32full.dll
0x00007ff840cf0000 - 0x00007ff840d8d000 	C:\WINDOWS\System32\msvcp_win.dll
0x00007ff832320000 - 0x00007ff8325ba000 	C:\WINDOWS\WinSxS\amd64_microsoft.windows.common-controls_6595b64144ccf1df_6.0.19041.3636_none_60b6a03d71f818d5\COMCTL32.dll
0x00007ff8407b0000 - 0x00007ff8407ba000 	C:\WINDOWS\SYSTEM32\VERSION.dll
0x00007ff8434d0000 - 0x00007ff843502000 	C:\WINDOWS\System32\IMM32.DLL
0x0000000056ea0000 - 0x0000000056eac000 	C:\Program Files (x86)\360\Total Security\safemon\SafeWrapper.dll
0x00007ff8219d0000 - 0x00007ff821a62000 	C:\Program Files (x86)\360\Total Security\safemon\libzdtp64.dll
0x00007ff8425d0000 - 0x00007ff842d15000 	C:\WINDOWS\System32\SHELL32.dll
0x00007ff842560000 - 0x00007ff8425b5000 	C:\WINDOWS\System32\SHLWAPI.dll
0x00007ff8325c0000 - 0x00007ff8325cc000 	C:\Program Files\Java\jdk-21\bin\vcruntime140_1.dll
0x00007ff8218d0000 - 0x00007ff82195e000 	C:\Program Files\Java\jdk-21\bin\msvcp140.dll
0x00007ff8063d0000 - 0x00007ff8070e5000 	C:\Program Files\Java\jdk-21\bin\server\jvm.dll
0x00007ff8420f0000 - 0x00007ff84215b000 	C:\WINDOWS\System32\WS2_32.dll
0x00007ff840110000 - 0x00007ff84015b000 	C:\WINDOWS\SYSTEM32\POWRPROF.dll
0x00007ff836270000 - 0x00007ff836297000 	C:\WINDOWS\SYSTEM32\WINMM.dll
0x00007ff83ffd0000 - 0x00007ff83ffe2000 	C:\WINDOWS\SYSTEM32\UMPDC.dll
0x00007ff83ea70000 - 0x00007ff83ea82000 	C:\WINDOWS\SYSTEM32\kernel.appcore.dll
0x00007ff8319a0000 - 0x00007ff8319aa000 	C:\Program Files\Java\jdk-21\bin\jimage.dll
0x00007ff839d20000 - 0x00007ff839f04000 	C:\WINDOWS\SYSTEM32\DBGHELP.DLL
0x00007ff839ce0000 - 0x00007ff839d14000 	C:\WINDOWS\SYSTEM32\dbgcore.DLL
0x00007ff840c60000 - 0x00007ff840ce2000 	C:\WINDOWS\System32\bcryptPrimitives.dll
0x00007ff825b30000 - 0x00007ff825b4f000 	C:\Program Files\Java\jdk-21\bin\java.dll
0x00007ff83ec70000 - 0x00007ff83f40c000 	C:\WINDOWS\SYSTEM32\windows.storage.dll
0x00007ff842200000 - 0x00007ff842554000 	C:\WINDOWS\System32\combase.dll
0x00007ff840600000 - 0x00007ff84062e000 	C:\WINDOWS\SYSTEM32\Wldp.dll
0x00007ff841610000 - 0x00007ff8416dd000 	C:\WINDOWS\System32\OLEAUT32.dll
0x00007ff841e80000 - 0x00007ff841f2d000 	C:\WINDOWS\System32\SHCORE.dll
0x00007ff840b60000 - 0x00007ff840b85000 	C:\WINDOWS\SYSTEM32\profapi.dll
0x00007ff807fd0000 - 0x00007ff8080a7000 	C:\Program Files\Java\jdk-21\bin\jsvml.dll
0x00007ff831670000 - 0x00007ff831680000 	C:\Program Files\Java\jdk-21\bin\net.dll
0x00007ff832bb0000 - 0x00007ff832cba000 	C:\WINDOWS\SYSTEM32\WINHTTP.dll
0x00007ff840350000 - 0x00007ff8403ba000 	C:\WINDOWS\system32\mswsock.dll
0x00007ff825b10000 - 0x00007ff825b26000 	C:\Program Files\Java\jdk-21\bin\nio.dll
0x00007ff823c50000 - 0x00007ff823c68000 	C:\Program Files\Java\jdk-21\bin\zip.dll
0x00007ff839080000 - 0x00007ff83908a000 	C:\Program Files\Java\jdk-21\bin\management.dll
0x00007ff839070000 - 0x00007ff83907b000 	C:\Program Files\Java\jdk-21\bin\management_ext.dll
0x00007ff8425c0000 - 0x00007ff8425c8000 	C:\WINDOWS\System32\PSAPI.DLL
0x00007ff836e50000 - 0x00007ff836e5e000 	C:\Program Files\Java\jdk-21\bin\sunmscapi.dll
0x00007ff841450000 - 0x00007ff8415ad000 	C:\WINDOWS\System32\CRYPT32.dll
0x00007ff840670000 - 0x00007ff840698000 	C:\WINDOWS\SYSTEM32\ncrypt.dll
0x00007ff840630000 - 0x00007ff84066b000 	C:\WINDOWS\SYSTEM32\NTASN1.dll
0x00007ff840540000 - 0x00007ff840558000 	C:\WINDOWS\SYSTEM32\CRYPTSP.dll
0x00007ff83fbb0000 - 0x00007ff83fbe4000 	C:\WINDOWS\system32\rsaenh.dll
0x00007ff840b20000 - 0x00007ff840b4e000 	C:\WINDOWS\SYSTEM32\USERENV.dll
0x00007ff840560000 - 0x00007ff84056c000 	C:\WINDOWS\SYSTEM32\CRYPTBASE.dll
0x00007ff83fff0000 - 0x00007ff84002b000 	C:\WINDOWS\SYSTEM32\IPHLPAPI.DLL
0x00007ff841df0000 - 0x00007ff841df8000 	C:\WINDOWS\System32\NSI.dll
0x00007ff839c00000 - 0x00007ff839c10000 	C:\Program Files\Java\jdk-21\bin\verify.dll

dbghelp: loaded successfully - version: 4.0.5 - missing functions: none
symbol engine: initialized successfully - sym options: 0x614 - pdb path: .;C:\Program Files\Java\jdk-21\bin;C:\WINDOWS\SYSTEM32;C:\WINDOWS\WinSxS\amd64_microsoft.windows.common-controls_6595b64144ccf1df_6.0.19041.3636_none_60b6a03d71f818d5;C:\Program Files (x86)\360\Total Security\safemon;C:\Program Files\Java\jdk-21\bin\server

VM Arguments:
jvm_args: -Dfile.encoding=UTF-8 -XX:+ShowCodeDetailsInExceptionMessages 
java_command: com.eBanckend.EBackendBankingApplication
java_class_path (initial): C:\Users\MALICK\Documents\PROJET_JAVA\Account_Backend\target\classes;C:\Users\MALICK\.m2\repository\org\springframework\boot\spring-boot-starter-data-jpa\3.2.1\spring-boot-starter-data-jpa-3.2.1.jar;C:\Users\MALICK\.m2\repository\org\springframework\boot\spring-boot-starter-aop\3.2.1\spring-boot-starter-aop-3.2.1.jar;C:\Users\MALICK\.m2\repository\org\springframework\spring-aop\6.1.2\spring-aop-6.1.2.jar;C:\Users\MALICK\.m2\repository\org\aspectj\aspectjweaver\1.9.21\aspectjweaver-1.9.21.jar;C:\Users\MALICK\.m2\repository\org\springframework\boot\spring-boot-starter-jdbc\3.2.1\spring-boot-starter-jdbc-3.2.1.jar;C:\Users\MALICK\.m2\repository\com\zaxxer\HikariCP\5.0.1\HikariCP-5.0.1.jar;C:\Users\MALICK\.m2\repository\org\springframework\spring-jdbc\6.1.2\spring-jdbc-6.1.2.jar;C:\Users\MALICK\.m2\repository\org\hibernate\orm\hibernate-core\6.4.1.Final\hibernate-core-6.4.1.Final.jar;C:\Users\MALICK\.m2\repository\jakarta\transaction\jakarta.transaction-api\2.0.1\jakarta.transaction-api-2.0.1.jar;C:\Users\MALICK\.m2\repository\org\jboss\logging\jboss-logging\3.5.3.Final\jboss-logging-3.5.3.Final.jar;C:\Users\MALICK\.m2\repository\org\hibernate\common\hibernate-commons-annotations\6.0.6.Final\hibernate-commons-annotations-6.0.6.Final.jar;C:\Users\MALICK\.m2\repository\io\smallrye\jandex\3.1.2\jandex-3.1.2.jar;C:\Users\MALICK\.m2\repository\com\fasterxml\classmate\1.6.0\classmate-1.6.0.jar;C:\Users\MALICK\.m2\repository\net\bytebuddy\byte-buddy\1.14.10\byte-buddy-1.14.10.jar;C:\Users\MALICK\.m2\repository\org\glassfish\jaxb\jaxb-runtime\4.0.4\jaxb-runtime-4.0.4.jar;C:\Users\MALICK\.m2\repository\org\glassfish\jaxb\jaxb-core\4.0.4\jaxb-core-4.0.4.jar;C:\Users\MALICK\.m2\repository\org\eclipse\angus\angus-activation\2.0.1\angus-activation-2.0.1.jar;C:\Users\MALICK\.m2\repository\org\glassfish\jaxb\txw2\4.0.4\txw2-4.0.4.jar;C:\Users\MALICK\.m2\repository\com\sun\istack\istack-commons-runtime\4.1.2\istack-commons-runtime-4.1.2.jar;C:\Users\MALICK\.m2\repository\jakarta\inject\jakarta.inject-api\2.0.1\jakarta.inject-api-2.0.1.jar;C:\Users\MALICK\.m2\repository\org\antlr\antlr4-runtime\4.13.0\antlr4-runtime-4.13.0.jar;C:\Users\MALICK\.m2\repository\org\springframework\data\spring-data-jpa\3.2.1\spring-data-jpa-3.2.1.jar;C:\Users\MALICK\.m2\repository\org\springframework\data\spring-data-commons\3.2.1\spring-data-commons-3.2.1.jar;C:\Users\MALICK\.m2\repository\org\springframework\spring-orm\6.1.2\spring-orm-6.1.2.jar;C:\Users\MALICK\.m2\repository\org\springframework\spring-context\6.1.2\spring-context-6.1.2.jar;C:\Users\MALICK\.m2\repository\org\springframework\spring-tx\6.1.2\spring-tx-6.1.2.jar;C:\Users\MALICK\.m2\repository\org\springframework\spring-beans\6.1.2\spring-beans-6.1.2.jar;C:\Users\MALICK\.m2\repository\jakarta\annotation\jakarta.annotation-api\2.1.1\jakarta.annotation-api-2.1.1.jar;C:\Users\MALICK\.m2\repository\org\slf4j\slf4j-api\2.0.9\slf4j-api-2.0.9.jar;C:\Users\MALICK\.m2\repository\org\springframework\spring-aspects\6.1.2\spring-aspects-6.1.2.jar;C:\Users\MALICK\.m2\repository\org\springframework\boot\spring-boot-starter-thymeleaf\3.2.1\spring-boot-starter-thymeleaf-3.2.1.jar;C:\Users\MALICK\.m2\repository\org\springframework\boot\spring-boot-starter\3.2.1\spring-boot-starter-3.2.1.jar;C:\Users\MALICK\.m2\repository\org\springframework\boot\spring-boot-starter-logging\3.2.1\spring-boot-starter-logging-3.2.1.jar;C:\Users\MALICK\.m2\repository\ch\qos\logback\logback-classic\1.4.14\logback-classic-1.4.14.jar;C:\Users\MALICK\.m2\repository\ch\qos\logback\logback-core\1.4.14\logback-core-1.4.14.jar;C:\Users\MALICK\.m2\repository\org\apache\logging\log4j\log4j-to-slf4j\2.21.1\log4j-to-slf4j-2.21.1.jar;C:\Users\MALICK\.m2\repository\org\apache\logging\log4j\log4j-api\2.21.1\log4j-api-2.21.1.jar;C:\Users\MALICK\.m2\repository\org\slf4j\jul-to-slf4j\2.0.9\jul-to-slf4j-2.0.9.jar;C:\Users\MALICK\.m2\repository\org\yaml\snakeyaml\2.2\snakeyaml-2.2.jar;C:\Users\MALICK\.m2\repository\org\thymeleaf\thymeleaf-spring6\3.1.2.RELEASE\thymeleaf-spring6-3.1.2.RELEASE.jar;C:\Users\MALICK\.m2\repository\org\thymeleaf\thymeleaf\3.1.2.RELEASE\thymeleaf-3.1.2.RELEASE.jar;C:\Users\MALICK\.m2\repository\org\attoparser\attoparser\2.0.7.RELEASE\attoparser-2.0.7.RELEASE.jar;C:\Users\MALICK\.m2\repository\org\unbescape\unbescape\1.1.6.RELEASE\unbescape-1.1.6.RELEASE.jar;C:\Users\MALICK\.m2\repository\org\springframework\boot\spring-boot-starter-web\3.2.1\spring-boot-starter-web-3.2.1.jar;C:\Users\MALICK\.m2\repository\org\springframework\boot\spring-boot-starter-json\3.2.1\spring-boot-starter-json-3.2.1.jar;C:\Users\MALICK\.m2\repository\com\fasterxml\jackson\core\jackson-databind\2.15.3\jackson-databind-2.15.3.jar;C:\Users\MALICK\.m2\repository\com\fasterxml\jackson\core\jackson-annotations\2.15.3\jackson-annotations-2.15.3.jar;C:\Users\MALICK\.m2\repository\com\fasterxml\jackson\core\jackson-core\2.15.3\jackson-core-2.15.3.jar;C:\Users\MALICK\.m2\repository\com\fasterxml\jackson\datatype\jackson-datatype-jdk8\2.15.3\jackson-datatype-jdk8-2.15.3.jar;C:\Users\MALICK\.m2\repository\com\fasterxml\jackson\datatype\jackson-datatype-jsr310\2.15.3\jackson-datatype-jsr310-2.15.3.jar;C:\Users\MALICK\.m2\repository\com\fasterxml\jackson\module\jackson-module-parameter-names\2.15.3\jackson-module-parameter-names-2.15.3.jar;C:\Users\MALICK\.m2\repository\org\springframework\boot\spring-boot-starter-tomcat\3.2.1\spring-boot-starter-tomcat-3.2.1.jar;C:\Users\MALICK\.m2\repository\org\apache\tomcat\embed\tomcat-embed-core\10.1.17\tomcat-embed-core-10.1.17.jar;C:\Users\MALICK\.m2\repository\org\apache\tomcat\embed\tomcat-embed-el\10.1.17\tomcat-embed-el-10.1.17.jar;C:\Users\MALICK\.m2\repository\org\apache\tomcat\embed\tomcat-embed-websocket\10.1.17\tomcat-embed-websocket-10.1.17.jar;C:\Users\MALICK\.m2\repository\org\springframework\spring-web\6.1.2\spring-web-6.1.2.jar;C:\Users\MALICK\.m2\repository\io\micrometer\micrometer-observation\1.12.1\micrometer-observation-1.12.1.jar;C:\Users\MALICK\.m2\repository\io\micrometer\micrometer-commons\1.12.1\micrometer-commons-1.12.1.jar;C:\Users\MALICK\.m2\repository\org\springframework\spring-webmvc\6.1.2\spring-webmvc-6.1.2.jar;C:\Users\MALICK\.m2\repository\org\springframework\spring-expression\6.1.2\spring-expression-6.1.2.jar;C:\Users\MALICK\.m2\repository\org\springframework\boot\spring-boot-starter-oauth2-resource-server\3.2.1\spring-boot-starter-oauth2-resource-server-3.2.1.jar;C:\Users\MALICK\.m2\repository\org\springframework\security\spring-security-config\6.2.1\spring-security-config-6.2.1.jar;C:\Users\MALICK\.m2\repository\org\springframework\security\spring-security-core\6.2.1\spring-security-core-6.2.1.jar;C:\Users\MALICK\.m2\repository\org\springframework\security\spring-security-crypto\6.2.1\spring-security-crypto-6.2.1.jar;C:\Users\MALICK\.m2\repository\org\springframework\security\spring-security-oauth2-resource-server\6.2.1\spring-security-oauth2-resource-server-6.2.1.jar;C:\Users\MALICK\.m2\repository\org\springframework\security\spring-security-oauth2-core\6.2.1\spring-security-oauth2-core-6.2.1.jar;C:\Users\MALICK\.m2\repository\org\springframework\security\spring-security-web\6.2.1\spring-security-web-6.2.1.jar;C:\Users\MALICK\.m2\repository\org\springframework\security\spring-security-oauth2-jose\6.2.1\spring-security-oauth2-jose-6.2.1.jar;C:\Users\MALICK\.m2\repository\com\nimbusds\nimbus-jose-jwt\9.24.4\nimbus-jose-jwt-9.24.4.jar;C:\Users\MALICK\.m2\repository\com\github\stephenc\jcip\jcip-annotations\1.0-1\jcip-annotations-1.0-1.jar;C:\Users\MALICK\.m2\repository\org\springframework\boot\spring-boot-devtools\3.2.1\spring-boot-devtools-3.2.1.jar;C:\Users\MALICK\.m2\repository\org\springframework\boot\spring-boot\3.2.1\spring-boot-3.2.1.jar;C:\Users\MALICK\.m2\repository\org\springframework\boot\spring-boot-autoconfigure\3.2.1\spring-boot-autoconfigure-3.2.1.jar;C:\Users\MALICK\.m2\repository\com\mysql\mysql-connector-j\8.1.0\mysql-connector-j-8.1.0.jar;C:\Users\MALICK\.m2\repository\org\projectlombok\lombok\1.18.30\lombok-1.18.30.jar;C:\Users\MALICK\.m2\repository\jakarta\xml\bind\jakarta.xml.bind-api\4.0.1\jakarta.xml.bind-api-4.0.1.jar;C:\Users\MALICK\.m2\repository\jakarta\activation\jakarta.activation-api\2.1.2\jakarta.activation-api-2.1.2.jar;C:\Users\MALICK\.m2\repository\org\springframework\spring-core\6.1.2\spring-core-6.1.2.jar;C:\Users\MALICK\.m2\repository\org\springframework\spring-jcl\6.1.2\spring-jcl-6.1.2.jar;C:\Users\MALICK\.m2\repository\jakarta\persistence\jakarta.persistence-api\3.1.0\jakarta.persistence-api-3.1.0.jar;C:\Users\MALICK\.m2\repository\org\springdoc\springdoc-openapi-starter-webmvc-ui\2.0.3\springdoc-openapi-starter-webmvc-ui-2.0.3.jar;C:\Users\MALICK\.m2\repository\org\springdoc\springdoc-openapi-starter-webmvc-api\2.0.3\springdoc-openapi-starter-webmvc-api-2.0.3.jar;C:\Users\MALICK\.m2\repository\org\springdoc\springdoc-openapi-starter-common\2.0.3\springdoc-openapi-starter-common-2.0.3.jar;C:\Users\MALICK\.m2\repository\io\swagger\core\v3\swagger-core-jakarta\2.2.8\swagger-core-jakarta-2.2.8.jar;C:\Users\MALICK\.m2\repository\org\apache\commons\commons-lang3\3.13.0\commons-lang3-3.13.0.jar;C:\Users\MALICK\.m2\repository\io\swagger\core\v3\swagger-annotations-jakarta\2.2.8\swagger-annotations-jakarta-2.2.8.jar;C:\Users\MALICK\.m2\repository\io\swagger\core\v3\swagger-models-jakarta\2.2.8\swagger-models-jakarta-2.2.8.jar;C:\Users\MALICK\.m2\repository\jakarta\validation\jakarta.validation-api\3.0.2\jakarta.validation-api-3.0.2.jar;C:\Users\MALICK\.m2\repository\com\fasterxml\jackson\dataformat\jackson-dataformat-yaml\2.15.3\jackson-dataformat-yaml-2.15.3.jar;C:\Users\MALICK\.m2\repository\org\webjars\swagger-ui\4.17.1\swagger-ui-4.17.1.jar;C:\Users\MALICK\.m2\repository\org\webjars\webjars-locator-core\0.55\webjars-locator-core-0.55.jar;C:\Users\MALICK\.m2\repository\io\github\classgraph\classgraph\4.8.149\classgraph-4.8.149.jar;C:\Users\MALICK\.m2\repository\org\springdoc\springdoc-openapi-ui\1.6.15\springdoc-openapi-ui-1.6.15.jar;C:\Users\MALICK\.m2\repository\org\springdoc\springdoc-openapi-webmvc-core\1.6.15\springdoc-openapi-webmvc-core-1.6.15.jar;C:\Users\MALICK\.m2\repository\org\springdoc\springdoc-openapi-common\1.6.15\springdoc-openapi-common-1.6.15.jar;C:\Users\MALICK\.m2\repository\io\swagger\core\v3\swagger-core\2.2.8\swagger-core-2.2.8.jar;C:\Users\MALICK\.m2\repository\io\swagger\core\v3\swagger-annotations\2.2.8\swagger-annotations-2.2.8.jar;C:\Users\MALICK\.m2\repository\io\swagger\core\v3\swagger-models\2.2.8\swagger-models-2.2.8.jar
Launcher Type: SUN_STANDARD

[Global flags]
     intx CICompilerCount                          = 2                                         {product} {ergonomic}
     uint ConcGCThreads                            = 1                                         {product} {ergonomic}
     uint G1ConcRefinementThreads                  = 2                                         {product} {ergonomic}
   size_t G1HeapRegionSize                         = 1048576                                   {product} {ergonomic}
    uintx GCDrainStackTargetSize                   = 64                                        {product} {ergonomic}
   size_t InitialHeapSize                          = 67108864                                  {product} {ergonomic}
   size_t MarkStackSize                            = 4194304                                   {product} {ergonomic}
   size_t MaxHeapSize                              = 1069547520                                {product} {ergonomic}
   size_t MaxNewSize                               = 641728512                                 {product} {ergonomic}
   size_t MinHeapDeltaBytes                        = 1048576                                   {product} {ergonomic}
   size_t MinHeapSize                              = 8388608                                   {product} {ergonomic}
    uintx NonNMethodCodeHeapSize                   = 5826188                                {pd product} {ergonomic}
    uintx NonProfiledCodeHeapSize                  = 122916026                              {pd product} {ergonomic}
    uintx ProfiledCodeHeapSize                     = 122916026                              {pd product} {ergonomic}
    uintx ReservedCodeCacheSize                    = 251658240                              {pd product} {ergonomic}
     bool SegmentedCodeCache                       = true                                      {product} {ergonomic}
     bool ShowCodeDetailsInExceptionMessages       = true                                   {manageable} {command line}
   size_t SoftMaxHeapSize                          = 1069547520                             {manageable} {ergonomic}
     bool UseCompressedOops                        = true                           {product lp64_product} {ergonomic}
     bool UseG1GC                                  = true                                      {product} {ergonomic}
     bool UseLargePagesIndividualAllocation        = false                                  {pd product} {ergonomic}

Logging:
Log output configuration:
 #0: stdout all=warning uptime,level,tags foldmultilines=false
 #1: stderr all=off uptime,level,tags foldmultilines=false

Environment Variables:
PATH=C:\Program Files\Common Files\Oracle\Java\javapath;C:\WINDOWS\system32;C:\WINDOWS;C:\WINDOWS\System32\Wbem;C:\WINDOWS\System32\WindowsPowerShell\v1.0\;C:\WINDOWS\System32\OpenSSH\;C:\xampp\php;C:\ProgramData\ComposerSetup\bin;C:\Program Files\Git\cmd;C:\Program Files (x86)\ATI Technologies\ATI.ACE\Core-Static;C:\Program Files\nodejs\;C:\Users\MALICK\AppData\Local\Programs\Python\Python312\Scripts\;C:\Users\MALICK\AppData\Local\Programs\Python\Python312\;C:\Users\MALICK\AppData\Local\Microsoft\WindowsApps;C:\Users\MALICK\AppData\Roaming\Composer\vendor\bin;C:\symfonycli;C:\Users\MALICK\AppData\Roaming\Microsoft\Windows\Start Menu\Programs\Python 3.10;C:\Users\MALICK\AppData\Local\Programs\Microsoft VS Code\bin;C:\Users\MALICK\AppData\Roaming\npm;C:\Users\MALICK\Documents\symfony;C:\xampp\mysql\bin;;C:\Program Files\JetBrains\IntelliJ IDEA 2023.3.4\bin;
USERNAME=MALICK
OS=Windows_NT
PROCESSOR_IDENTIFIER=AMD64 Family 20 Model 2 Stepping 0, AuthenticAMD
TMP=C:\Users\MALICK\AppData\Local\Temp
TEMP=C:\Users\MALICK\AppData\Local\Temp




Periodic native trim disabled

---------------  S Y S T E M  ---------------

OS:
 Windows 10 , 64 bit Build 19041 (10.0.19041.3636)
OS uptime: 0 days 20:20 hours

CPU: total 2 (initial active 2) (2 cores per cpu, 1 threads per core) family 20 model 2 stepping 0 microcode 0x0, cx8, cmov, fxsr, mmx, 3dnowpref, sse, sse2, sse3, ssse3, sse4a, popcnt, lzcnt, tsc, tscinvbit, clflush, rdtscp
Processor Information for all 2 processors :
  Max Mhz: 1650, Current Mhz: 1650, Mhz Limit: 1650

Memory: 4k page, system-wide physical 4075M (259M free)
TotalPageFile size 8031M (AvailPageFile size 4M)
current process WorkingSet (physical memory assigned to process): 186M, peak: 187M
current process commit charge ("private bytes"): 215M, peak: 216M

vm_info: Java HotSpot(TM) 64-Bit Server VM (21.0.1+12-LTS-29) for windows-amd64 JRE (21.0.1+12-LTS-29), built on 2023-10-05T13:27:09Z by "mach5one" with MS VC++ 17.1 (VS2022)

END.
